2025-04-15 21:42:15,417 [INFO ]  Starting utility with arguments: Namespace(gen=False, fake_pass=None, pass_duration=15, sat=None, suff=None, priority=3900, delete=False, schedule='examples/fileUpload.csv', requested_pass='5d3131e0-fd6c-4f46-ac6d-568b8e86ef3f', verbose=True)
2025-04-15 21:42:15,652 [INFO ]  Found pass ongoing 1744778539000, so adding a delay between commands
2025-04-15 21:42:15,652 [INFO ]  Creating command for satellite: padre with name: SXBand_GwSendCmd and priority 3900
2025-04-15 21:42:15,762 [INFO ]  --------------------------------------------------------------------
2025-04-15 21:42:15,762 [INFO ]  Created command with id: e2576a49-fbeb-48f7-8288-3306e79f5e93
2025-04-15 21:42:15,762 [INFO ]  Live pass, sleeping for 4s to allow for rawData to be filled in...
2025-04-15 21:42:19,762 [INFO ]  Creating command for satellite: padre with name: SXBand_GwSendCmd and priority 3890
2025-04-15 21:42:19,860 [INFO ]  --------------------------------------------------------------------
2025-04-15 21:42:19,860 [INFO ]  Created command with id: 1990f49f-f5c9-4595-a3f2-d1871c3dd4bd
2025-04-15 21:42:19,860 [INFO ]  Live pass, sleeping for 4s to allow for rawData to be filled in...
2025-04-15 21:42:23,860 [INFO ]  Creating command for satellite: padre with name: SXBand_GwSendCmd and priority 3880
2025-04-15 21:42:24,247 [INFO ]  --------------------------------------------------------------------
2025-04-15 21:42:24,247 [INFO ]  Created command with id: 0c7038d0-ee77-4edf-acaf-c287c37ad410
2025-04-15 21:42:24,247 [INFO ]  Live pass, sleeping for 4s to allow for rawData to be filled in...
2025-04-15 21:42:28,248 [INFO ]  Creating command for satellite: padre with name: SXBand_GwSendCmd and priority 3870
2025-04-15 21:42:28,346 [INFO ]  --------------------------------------------------------------------
2025-04-15 21:42:28,346 [INFO ]  Created command with id: 85951351-25cd-45e9-bce8-ad2c9a14b05b
2025-04-15 21:42:28,346 [INFO ]  Live pass, sleeping for 4s to allow for rawData to be filled in...
2025-04-15 21:42:32,346 [INFO ]  Creating command for satellite: padre with name: SXBand_GwSendCmd and priority 3860
2025-04-15 21:42:32,444 [INFO ]  --------------------------------------------------------------------
2025-04-15 21:42:32,445 [INFO ]  Created command with id: d2b42df3-43e7-4f76-bba8-8e57043cda8c
2025-04-15 21:42:32,445 [INFO ]  Live pass, sleeping for 4s to allow for rawData to be filled in...
2025-04-15 21:42:36,445 [INFO ]  Creating command for satellite: padre with name: SXBand_GwSendCmd and priority 3850
2025-04-15 21:42:36,721 [INFO ]  --------------------------------------------------------------------
2025-04-15 21:42:36,721 [INFO ]  Created command with id: 59183a58-0d90-40e4-a7b2-74ad9ddc9cf3
2025-04-15 21:42:36,721 [INFO ]  Live pass, sleeping for 4s to allow for rawData to be filled in...
2025-04-15 21:42:40,721 [INFO ]  Creating command for satellite: padre with name: SXBand_GwSendCmd and priority 3840
2025-04-15 21:42:40,820 [INFO ]  --------------------------------------------------------------------
2025-04-15 21:42:40,820 [INFO ]  Created command with id: b71a10ff-318c-4e96-9638-a756d7b62aa8
2025-04-15 21:42:40,821 [INFO ]  Live pass, sleeping for 4s to allow for rawData to be filled in...
2025-04-15 21:42:44,822 [INFO ]  Creating command for satellite: padre with name: SXBand_GwSendCmd and priority 3830
2025-04-15 21:42:44,922 [INFO ]  --------------------------------------------------------------------
2025-04-15 21:42:44,922 [INFO ]  Created command with id: a81acbdd-2ca9-46a5-a4f6-029e83c8ca7c
2025-04-15 21:42:44,922 [INFO ]  Live pass, sleeping for 4s to allow for rawData to be filled in...
2025-04-15 21:42:48,922 [INFO ]  Creating command for satellite: padre with name: SXBand_GwSendCmd and priority 3820
2025-04-15 21:42:49,282 [INFO ]  --------------------------------------------------------------------
2025-04-15 21:42:49,283 [INFO ]  Created command with id: 28b8bb87-555e-407b-84eb-1d6aceb87216
2025-04-15 21:42:49,283 [INFO ]  Live pass, sleeping for 4s to allow for rawData to be filled in...
2025-04-15 21:42:53,283 [INFO ]  Creating command for satellite: padre with name: SXBand_GwSendCmd and priority 3810
2025-04-15 21:42:53,383 [INFO ]  --------------------------------------------------------------------
2025-04-15 21:42:53,383 [INFO ]  Created command with id: ad6c47e0-535e-480a-af35-3336c4039a8a
2025-04-15 21:42:53,383 [INFO ]  Live pass, sleeping for 4s to allow for rawData to be filled in...
2025-04-15 21:42:57,384 [INFO ]  Creating command for satellite: padre with name: SXBand_GwSendCmd and priority 3800
2025-04-15 21:42:57,689 [INFO ]  --------------------------------------------------------------------
2025-04-15 21:42:57,689 [INFO ]  Created command with id: b25335ec-389c-4a40-a366-e10bbe05b5a0
2025-04-15 21:42:57,689 [INFO ]  Live pass, sleeping for 4s to allow for rawData to be filled in...
